Log file open, 06/12/17 18:51:11
LogInit:Display: Running engine for game: vive_archery_ue4
LogPlatformFile: Not using cached read wrapper
LogInit:Display: RandInit(1569779537) SRandInit(1569779538).
LogTaskGraph: Started task graph with 5 named threads and 8 total threads with 1 sets of task threads.
LogStats: Stats thread started at 1.968534
LogPluginManager: Loaded Plugin Paper2D, From D:/Unreal Engine/4.13/Engine/Plugins/2D/Paper2D/Paper2D.uplugin
LogPluginManager: Loaded Plugin LightPropagationVolume, From D:/Unreal Engine/4.13/Engine/Plugins/Blendables/LightPropagationVolume/LightPropagationVolume.uplugin
LogPluginManager: Loaded Plugin BlankPlugin, From D:/Unreal Engine/4.13/Engine/Plugins/Developer/BlankPlugin/BlankPlugin.uplugin
LogPluginManager: Loaded Plugin CodeLiteSourceCodeAccess, From D:/Unreal Engine/4.13/Engine/Plugins/Developer/CodeLiteSourceCodeAccess/CodeLiteSourceCodeAccess.uplugin
LogPluginManager: Loaded Plugin GitSourceControl, From D:/Unreal Engine/4.13/Engine/Plugins/Developer/GitSourceControl/GitSourceControl.uplugin
LogPluginManager: Loaded Plugin KDevelopSourceCodeAccess, From D:/Unreal Engine/4.13/Engine/Plugins/Developer/KDevelopSourceCodeAccess/KDevelopSourceCodeAccess.uplugin
LogPluginManager: Loaded Plugin NullSourceCodeAccess, From D:/Unreal Engine/4.13/Engine/Plugins/Developer/NullSourceCodeAccess/NullSourceCodeAccess.uplugin
LogPluginManager: Loaded Plugin OneSkyLocalizationService, From D:/Unreal Engine/4.13/Engine/Plugins/Developer/OneSkyLocalizationService/OneSkyLocalizationService.uplugin
LogPluginManager: Loaded Plugin PerforceSourceControl, From D:/Unreal Engine/4.13/Engine/Plugins/Developer/PerforceSourceControl/PerforceSourceControl.uplugin
LogPluginManager: Loaded Plugin SubversionSourceControl, From D:/Unreal Engine/4.13/Engine/Plugins/Developer/SubversionSourceControl/SubversionSourceControl.uplugin
LogPluginManager: Loaded Plugin UObjectPlugin, From D:/Unreal Engine/4.13/Engine/Plugins/Developer/UObjectPlugin/UObjectPlugin.uplugin
LogPluginManager: Loaded Plugin VisualStudioSourceCodeAccess, From D:/Unreal Engine/4.13/Engine/Plugins/Developer/VisualStudioSourceCodeAccess/VisualStudioSourceCodeAccess.uplugin
LogPluginManager: Loaded Plugin XCodeSourceCodeAccess, From D:/Unreal Engine/4.13/Engine/Plugins/Developer/XCodeSourceCodeAccess/XCodeSourceCodeAccess.uplugin
LogPluginManager: Loaded Plugin EpicSurvey, From D:/Unreal Engine/4.13/Engine/Plugins/Editor/EpicSurvey/EpicSurvey.uplugin
LogPluginManager: Loaded Plugin MacGraphicsSwitching, From D:/Unreal Engine/4.13/Engine/Plugins/Editor/MacGraphicsSwitching/MacGraphicsSwitching.uplugin
LogPluginManager: Loaded Plugin MobileLauncherProfileWizard, From D:/Unreal Engine/4.13/Engine/Plugins/Editor/MobileLauncherProfileWizard/MobileLauncherProfileWizard.uplugin
LogPluginManager: Loaded Plugin PluginBrowser, From D:/Unreal Engine/4.13/Engine/Plugins/Editor/PluginBrowser/PluginBrowser.uplugin
LogPluginManager: Loaded Plugin SpeedTreeImporter, From D:/Unreal Engine/4.13/Engine/Plugins/Editor/SpeedTreeImporter/SpeedTreeImporter.uplugin
LogPluginManager: Loaded Plugin SuperSearchEditor, From D:/Unreal Engine/4.13/Engine/Plugins/Editor/SuperSearchEditor/SuperSearchEditor.uplugin
LogPluginManager: Loaded Plugin AlembicImporter, From D:/Unreal Engine/4.13/Engine/Plugins/Experimental/AlembicImporter/AlembicImporter.uplugin
LogPluginManager: Loaded Plugin BlueprintStats, From D:/Unreal Engine/4.13/Engine/Plugins/Experimental/BlueprintStats/BlueprintStats.uplugin
LogPluginManager: Loaded Plugin CharacterAI, From D:/Unreal Engine/4.13/Engine/Plugins/Experimental/CharacterAI/CharacterAI.uplugin
LogPluginManager: Loaded Plugin CodeEditor, From D:/Unreal Engine/4.13/Engine/Plugins/Experimental/CodeEditor/CodeEditor.uplugin
LogPluginManager: Loaded Plugin CodeView, From D:/Unreal Engine/4.13/Engine/Plugins/Experimental/CodeView/CodeView.uplugin
LogPluginManager: Loaded Plugin HTML5Networking, From D:/Unreal Engine/4.13/Engine/Plugins/Experimental/HTML5Networking/HTML5Networking.uplugin
LogPluginManager: Loaded Plugin LiveEditor, From D:/Unreal Engine/4.13/Engine/Plugins/Experimental/LiveEditor/LiveEditor.uplugin
LogPluginManager: Loaded Plugin OSVR, From D:/Unreal Engine/4.13/Engine/Plugins/Experimental/OSVR/OSVR.uplugin
LogPluginManager: Loaded Plugin Phya, From D:/Unreal Engine/4.13/Engine/Plugins/Experimental/Phya/Phya.uplugin
LogPluginManager: Loaded Plugin SignificanceManager, From D:/Unreal Engine/4.13/Engine/Plugins/Experimental/SignificanceManager/SignificanceManager.uplugin
LogPluginManager: Loaded Plugin SimpleHMD, From D:/Unreal Engine/4.13/Engine/Plugins/Experimental/SimpleHMD/SimpleHMD.uplugin
LogPluginManager: Loaded Plugin StereoPanorama, From D:/Unreal Engine/4.13/Engine/Plugins/Experimental/StereoPanorama/StereoPanorama.uplugin
LogPluginManager: Loaded Plugin StructBox, From D:/Unreal Engine/4.13/Engine/Plugins/Experimental/StructBox/StructBox.uplugin
LogPluginManager: Loaded Plugin GestureTrackerVR, From D:/Unreal Engine/4.13/Engine/Plugins/Marketplace/GestureTrackerVR/GestureTrackerVR.uplugin
LogPluginManager: Loaded Plugin RunebergVRPlugin, From D:/Unreal Engine/4.13/Engine/Plugins/Marketplace/RunebergVRPlugin/RunebergVRPlugin.uplugin
LogPluginManager: Loaded Plugin ShadowMocap, From D:/Unreal Engine/4.13/Engine/Plugins/Marketplace/ShadowMocap/ShadowMocap.uplugin
LogPluginManager: Loaded Plugin Substance, From D:/Unreal Engine/4.13/Engine/Plugins/Marketplace/Substance/Substance.uplugin
LogPluginManager: Loaded Plugin AndroidMedia, From D:/Unreal Engine/4.13/Engine/Plugins/Media/AndroidMedia/AndroidMedia.uplugin
LogPluginManager: Loaded Plugin AvfMedia, From D:/Unreal Engine/4.13/Engine/Plugins/Media/AvfMedia/AvfMedia.uplugin
LogPluginManager: Loaded Plugin MediaPlayerEditor, From D:/Unreal Engine/4.13/Engine/Plugins/Media/MediaPlayerEditor/MediaPlayerEditor.uplugin
LogPluginManager: Loaded Plugin WmfMedia, From D:/Unreal Engine/4.13/Engine/Plugins/Media/WmfMedia/WmfMedia.uplugin
LogPluginManager: Loaded Plugin MessagingDebugger, From D:/Unreal Engine/4.13/Engine/Plugins/Messaging/MessagingDebugger/MessagingDebugger.uplugin
LogPluginManager: Loaded Plugin TcpMessaging, From D:/Unreal Engine/4.13/Engine/Plugins/Messaging/TcpMessaging/TcpMessaging.uplugin
LogPluginManager: Loaded Plugin UdpMessaging, From D:/Unreal Engine/4.13/Engine/Plugins/Messaging/UdpMessaging/UdpMessaging.uplugin
LogPluginManager: Loaded Plugin LevelSequenceEditor, From D:/Unreal Engine/4.13/Engine/Plugins/MovieScene/LevelSequenceEditor/LevelSequenceEditor.uplugin
LogPluginManager: Loaded Plugin MatineeToLevelSequence, From D:/Unreal Engine/4.13/Engine/Plugins/MovieScene/MatineeToLevelSequence/MatineeToLevelSequence.uplugin
LogPluginManager: Loaded Plugin NetcodeUnitTest, From D:/Unreal Engine/4.13/Engine/Plugins/NetcodeUnitTest/NetcodeUnitTest/NetcodeUnitTest.uplugin
LogPluginManager: Loaded Plugin NUTUnrealEngine4, From D:/Unreal Engine/4.13/Engine/Plugins/NetcodeUnitTest/NUTUnrealEngine4/NUTUnrealEngine4.uplugin
LogPluginManager: Loaded Plugin OnlineSubsystemGooglePlay, From D:/Unreal Engine/4.13/Engine/Plugins/Online/Android/OnlineSubsystemGooglePlay/OnlineSubsystemGooglePlay.uplugin
LogPluginManager: Loaded Plugin OnlineSubsystemIOS, From D:/Unreal Engine/4.13/Engine/Plugins/Online/IOS/OnlineSubsystemIOS/OnlineSubsystemIOS.uplugin
LogPluginManager: Loaded Plugin OnlineFramework, From D:/Unreal Engine/4.13/Engine/Plugins/Online/OnlineFramework/OnlineFramework.uplugin
LogPluginManager: Loaded Plugin OnlineSubsystem, From D:/Unreal Engine/4.13/Engine/Plugins/Online/OnlineSubsystem/OnlineSubsystem.uplugin
LogPluginManager: Loaded Plugin OnlineSubsystemAmazon, From D:/Unreal Engine/4.13/Engine/Plugins/Online/OnlineSubsystemAmazon/OnlineSubsystemAmazon.uplugin
LogPluginManager: Loaded Plugin OnlineSubsystemFacebook, From D:/Unreal Engine/4.13/Engine/Plugins/Online/OnlineSubsystemFacebook/OnlineSubsystemFacebook.uplugin
LogPluginManager: Loaded Plugin OnlineSubsystemNull, From D:/Unreal Engine/4.13/Engine/Plugins/Online/OnlineSubsystemNull/OnlineSubsystemNull.uplugin
LogPluginManager: Loaded Plugin OnlineSubsystemOculus, From D:/Unreal Engine/4.13/Engine/Plugins/Online/OnlineSubsystemOculus/OnlineSubsystemOculus.uplugin
LogPluginManager: Loaded Plugin OnlineSubsystemSteam, From D:/Unreal Engine/4.13/Engine/Plugins/Online/OnlineSubsystemSteam/OnlineSubsystemSteam.uplugin
LogPluginManager: Loaded Plugin OnlineSubsystemUtils, From D:/Unreal Engine/4.13/Engine/Plugins/Online/OnlineSubsystemUtils/OnlineSubsystemUtils.uplugin
LogPluginManager: Loaded Plugin IOSTapJoy, From D:/Unreal Engine/4.13/Engine/Plugins/Runtime/Advertising/IOSTapJoy/IOSTapJoy.uplugin
LogPluginManager: Loaded Plugin AnalyticsBlueprintLibrary, From D:/Unreal Engine/4.13/Engine/Plugins/Runtime/Analytics/AnalyticsBlueprintLibrary/AnalyticsBlueprintLibrary.uplugin
LogPluginManager: Loaded Plugin AnalyticsMulticast, From D:/Unreal Engine/4.13/Engine/Plugins/Runtime/Analytics/AnalyticsMulticast/AnalyticsMulticast.uplugin
LogPluginManager: Loaded Plugin Apsalar, From D:/Unreal Engine/4.13/Engine/Plugins/Runtime/Analytics/Apsalar/Apsalar.uplugin
LogPluginManager: Loaded Plugin FileLogging, From D:/Unreal Engine/4.13/Engine/Plugins/Runtime/Analytics/FileLogging/FileLogging.uplugin
LogPluginManager: Loaded Plugin Flurry, From D:/Unreal Engine/4.13/Engine/Plugins/Runtime/Analytics/Flurry/Flurry.uplugin
LogPluginManager: Loaded Plugin AndroidDeviceProfileSelector, From D:/Unreal Engine/4.13/Engine/Plugins/Runtime/AndroidDeviceProfileSelector/AndroidDeviceProfileSelector.uplugin
LogPluginManager: Loaded Plugin AndroidMoviePlayer, From D:/Unreal Engine/4.13/Engine/Plugins/Runtime/AndroidMoviePlayer/AndroidMoviePlayer.uplugin
LogPluginManager: Loaded Plugin AppleMoviePlayer, From D:/Unreal Engine/4.13/Engine/Plugins/Runtime/AppleMoviePlayer/AppleMoviePlayer.uplugin
LogPluginManager: Loaded Plugin ArchVisCharacter, From D:/Unreal Engine/4.13/Engine/Plugins/Runtime/ArchVisCharacter/ArchVisCharacter.uplugin
LogPluginManager: Loaded Plugin CableComponent, From D:/Unreal Engine/4.13/Engine/Plugins/Runtime/CableComponent/CableComponent.uplugin
LogPluginManager: Loaded Plugin CustomMeshComponent, From D:/Unreal Engine/4.13/Engine/Plugins/Runtime/CustomMeshComponent/CustomMeshComponent.uplugin
LogPluginManager: Loaded Plugin ExampleDeviceProfileSelector, From D:/Unreal Engine/4.13/Engine/Plugins/Runtime/ExampleDeviceProfileSelector/ExampleDeviceProfileSelector.uplugin
LogPluginManager: Loaded Plugin GearVR, From D:/Unreal Engine/4.13/Engine/Plugins/Runtime/GearVR/GearVR.uplugin
LogPluginManager: Loaded Plugin GoogleVRController, From D:/Unreal Engine/4.13/Engine/Plugins/Runtime/GoogleVR/GoogleVRController/GoogleVRController.uplugin
LogPluginManager: Loaded Plugin GoogleVRHMD, From D:/Unreal Engine/4.13/Engine/Plugins/Runtime/GoogleVR/GoogleVRHMD/GoogleVRHMD.uplugin
LogPluginManager: Loaded Plugin IOSDeviceProfileSelector, From D:/Unreal Engine/4.13/Engine/Plugins/Runtime/IOSDeviceProfileSelector/IOSDeviceProfileSelector.uplugin
LogPluginManager: Loaded Plugin LeapMotion, From D:/Unreal Engine/4.13/Engine/Plugins/Runtime/LeapMotion/LeapMotion.uplugin
LogPluginManager: Loaded Plugin LinuxDeviceProfileSelector, From D:/Unreal Engine/4.13/Engine/Plugins/Runtime/LinuxDeviceProfileSelector/LinuxDeviceProfileSelector.uplugin
LogPluginManager: Loaded Plugin LiveEditorListenServer, From D:/Unreal Engine/4.13/Engine/Plugins/Runtime/LiveEditorListenServer/LiveEditorListenServer.uplugin
LogPluginManager: Loaded Plugin OculusAudio, From D:/Unreal Engine/4.13/Engine/Plugins/Runtime/OculusAudio/OculusAudio.uplugin
LogPluginManager: Loaded Plugin OculusInput, From D:/Unreal Engine/4.13/Engine/Plugins/Runtime/OculusInput/OculusInput.uplugin
LogPluginManager: Loaded Plugin OculusLibrary, From D:/Unreal Engine/4.13/Engine/Plugins/Runtime/OculusLibrary/OculusLibrary.uplugin
LogPluginManager: Loaded Plugin OculusRift, From D:/Unreal Engine/4.13/Engine/Plugins/Runtime/OculusRift/OculusRift.uplugin
LogPluginManager: Loaded Plugin Oodle, From D:/Unreal Engine/4.13/Engine/Plugins/Runtime/PacketHandlers/CompressionComponents/Oodle/Oodle.uplugin
LogPluginManager: Loaded Plugin ProceduralMeshComponent, From D:/Unreal Engine/4.13/Engine/Plugins/Runtime/ProceduralMeshComponent/ProceduralMeshComponent.uplugin
LogPluginManager: Loaded Plugin SoundMod, From D:/Unreal Engine/4.13/Engine/Plugins/Runtime/SoundMod/SoundMod.uplugin
LogPluginManager: Loaded Plugin SoundVisualizations, From D:/Unreal Engine/4.13/Engine/Plugins/Runtime/SoundVisualizations/SoundVisualizations.uplugin
LogPluginManager: Loaded Plugin SteamController, From D:/Unreal Engine/4.13/Engine/Plugins/Runtime/Steam/SteamController/SteamController.uplugin
LogPluginManager: Loaded Plugin SteamVR, From D:/Unreal Engine/4.13/Engine/Plugins/Runtime/Steam/SteamVR/SteamVR.uplugin
LogPluginManager: Loaded Plugin WebBrowserWidget, From D:/Unreal Engine/4.13/Engine/Plugins/Runtime/WebBrowserWidget/WebBrowserWidget.uplugin
LogPluginManager: Loaded Plugin WindowsDeviceProfileSelector, From D:/Unreal Engine/4.13/Engine/Plugins/Runtime/WindowsDeviceProfileSelector/WindowsDeviceProfileSelector.uplugin
LogPluginManager: Loaded Plugin WindowsMoviePlayer, From D:/Unreal Engine/4.13/Engine/Plugins/Runtime/WindowsMoviePlayer/WindowsMoviePlayer.uplugin
LogPluginManager: Loaded Plugin ScriptPlugin, From D:/Unreal Engine/4.13/Engine/Plugins/ScriptPlugin/ScriptPlugin.uplugin
LogPluginManager: Loaded Plugin SlateRemote, From D:/Unreal Engine/4.13/Engine/Plugins/Slate/SlateRemote/SlateRemote.uplugin
LogInit: Using libcurl 7.47.1
LogInit:  - built for x86_64-pc-win32
LogInit:  - supports SSL with WinSSL
LogInit:  - other features:
LogInit:      CURL_VERSION_SSL
LogInit:      CURL_VERSION_IPV6
LogInit:      CURL_VERSION_ASYNCHDNS
LogInit:      CURL_VERSION_LARGEFILE
LogInit:      CURL_VERSION_IDN
LogInit:  CurlRequestOptions (configurable via config and command line):
LogInit:  - bVerifyPeer = false  - Libcurl will NOT verify peer certificate
LogInit:  - bUseHttpProxy = false  - Libcurl will NOT use HTTP proxy
LogInit:  - bDontReuseConnections = false  - Libcurl will reuse connections
LogInit:  - CertBundlePath = nullptr  - Libcurl will use whatever was configured at build time.
LogInit: Build: ++UE4+Release-4.13-CL-3172292
LogInit: Engine Version: 4.13.2-3172292+++UE4+Release-4.13
LogInit: Compatible Engine Version: 4.13.0-3106830+++UE4+Release-4.13
LogInit: Net CL: 3172292
LogDevObjectVersion: Number of dev versions registered: 13
LogDevObjectVersion:   Dev-Blueprints (B0D832E4-1F89-4F0D-ACCF-7EB736FD4AA2): 5
LogDevObjectVersion:   Dev-Build (E1C64328-A22C-4D53-A36C-8E866417BD8C): 0
LogDevObjectVersion:   Dev-Core (375EC13C-06E4-48FB-B500-84F0262A717E): 1
LogDevObjectVersion:   Dev-Editor (E4B068ED-F494-42E9-A231-DA0B2E46BB41): 6
LogDevObjectVersion:   Dev-Framework (CFFC743F-43B0-4480-9391-14DF171D2073): 12
LogDevObjectVersion:   Dev-Mobile (B02B49B5-BB20-44E9-A304-32B752E40360): 0
LogDevObjectVersion:   Dev-Networking (A4E4105C-59A1-49B5-A7C5-40C4547EDFEE): 0
LogDevObjectVersion:   Dev-Online (39C831C9-5AE6-47DC-9A44-9C173E1C8E7C): 0
LogDevObjectVersion:   Dev-Physics (78F01B33-EBEA-4F98-B9B4-84EACCB95AA2): 0
LogDevObjectVersion:   Dev-Platform (6631380F-2D4D-43E0-8009-CF276956A95A): 0
LogDevObjectVersion:   Dev-Rendering (12F88B9F-8875-4AFC-A67C-D90C383ABD29): 4
LogDevObjectVersion:   Dev-Sequencer (7B5AE74C-D270-4C10-A958-57980B212A5A): 0
LogDevObjectVersion:   Dev-VR (D7296918-1DD6-4BDD-9DE2-64A83CC13884): 0
LogInit: Compiled (64-bit): Oct 24 2016 14:29:06
LogInit: Compiled with Visual C++: 19.00.23026.00
LogInit: Build Configuration: Development
LogInit: Branch Name: ++UE4+Release-4.13
LogInit: Command line:  
LogInit: Base directory: D:/Unreal Engine/4.13/Engine/Binaries/Win64/
LogInit: Installed Engine Build: 1
LogInit: Presizing for max 8388607 objects, including 0 objects not considered by GC, pre-allocating 0 bytes for permanent pool.
LogInit: Object subsystem initialized
LogStats: FPlatformStackWalk::StackWalkAndDump -  0.007 s
LogOutputDevice:Error: === Handled ensure: ===
LogOutputDevice:Error: 
LogOutputDevice:Error: Ensure condition failed: false [File:D:\Build\++UE4+Release-4.13+Compile\Sync\Engine\Source\Runtime\Core\Private\Misc\ConfigCacheIni.cpp] [Line: 3448]
LogOutputDevice:Error: The ini file 'D:/castle-guard-working-bow/CastleGuard/ProjectFiles/Saved/Config/Windows/Engine.ini' tries to set the console variable 'showflag.decals' marked with ECVF_Cheat, this is only allowed in consolevariables.ini
LogOutputDevice:Error: Stack: 
LogOutputDevice:Error: UE4Editor-Core.dll
LogOutputDevice:Error: UE4Editor-Core.dll
LogOutputDevice:Error: UE4Editor-Core.dll
LogOutputDevice:Error: UE4Editor-Core.dll
LogOutputDevice:Error: UE4Editor-Engine.dll
LogOutputDevice:Error: UE4Editor-Core.dll
LogOutputDevice:Error: UE4Editor-Engine.dll
LogOutputDevice:Error: UE4Editor-Engine.dll
LogOutputDevice:Error: UE4Editor.exe
LogOutputDevice:Error: UE4Editor.exe
LogOutputDevice:Error: UE4Editor.exe
LogOutputDevice:Error: UE4Editor.exe
LogOutputDevice:Error: UE4Editor.exe
LogOutputDevice:Error: kernel32.dll
LogOutputDevice:Error: ntdll.dll
LogOutputDevice:Error: ntdll.dll
LogOutputDevice:Error: 
LogStats:                SubmitErrorReport -  0.000 s
LogStats:                    SendNewReport -  1.719 s
LogStats:             FDebug::EnsureFailed -  1.726 s
[2017.06.13-01.51.13:961][  0]LogConsoleManager:Display: Setting the console variable 'r.SeparateTranslucency' with 'SetByProjectSetting' was ignored as it is lower priority than the previous 'SetBySystemSettingsIni'
[2017.06.13-01.51.13:987][  0]LogConsoleManager:Display: Setting the console variable 'r.ScreenPercentage' with 'SetByScalability' was ignored as it is lower priority than the previous 'SetBySystemSettingsIni'
[2017.06.13-01.51.13:987][  0]LogConsoleManager:Display: Setting the console variable 'r.PostProcessAAQuality' with 'SetByScalability' was ignored as it is lower priority than the previous 'SetBySystemSettingsIni'
[2017.06.13-01.51.13:987][  0]LogConsoleManager:Display: Setting the console variable 'r.MotionBlurQuality' with 'SetByScalability' was ignored as it is lower priority than the previous 'SetBySystemSettingsIni'
[2017.06.13-01.51.13:987][  0]LogConsoleManager:Display: Setting the console variable 'r.AmbientOcclusionLevels' with 'SetByScalability' was ignored as it is lower priority than the previous 'SetBySystemSettingsIni'
[2017.06.13-01.51.13:987][  0]LogConsoleManager:Display: Setting the console variable 'r.DepthOfFieldQuality' with 'SetByScalability' was ignored as it is lower priority than the previous 'SetBySystemSettingsIni'
[2017.06.13-01.51.13:987][  0]LogConsoleManager:Display: Setting the console variable 'r.LensFlareQuality' with 'SetByScalability' was ignored as it is lower priority than the previous 'SetBySystemSettingsIni'
[2017.06.13-01.51.13:987][  0]LogConsoleManager:Display: Setting the console variable 'r.SceneColorFringeQuality' with 'SetByScalability' was ignored as it is lower priority than the previous 'SetBySystemSettingsIni'
[2017.06.13-01.51.13:987][  0]LogConsoleManager:Display: Setting the console variable 'r.EyeAdaptationQuality' with 'SetByScalability' was ignored as it is lower priority than the previous 'SetBySystemSettingsIni'
[2017.06.13-01.51.13:987][  0]LogConsoleManager:Display: Setting the console variable 'r.BloomQuality' with 'SetByScalability' was ignored as it is lower priority than the previous 'SetBySystemSettingsIni'
[2017.06.13-01.51.13:987][  0]LogConsoleManager:Display: Setting the console variable 'r.FastBlurThreshold' with 'SetByScalability' was ignored as it is lower priority than the previous 'SetBySystemSettingsIni'
[2017.06.13-01.51.13:988][  0]LogConsoleManager:Display: Setting the console variable 'r.MaxAnisotropy' with 'SetByScalability' was ignored as it is lower priority than the previous 'SetBySystemSettingsIni'
[2017.06.13-01.51.13:988][  0]LogConsoleManager:Display: Setting the console variable 'r.TranslucencyLightingVolumeDim' with 'SetByScalability' was ignored as it is lower priority than the previous 'SetBySystemSettingsIni'
[2017.06.13-01.51.13:988][  0]LogConsoleManager:Display: Setting the console variable 'r.SSR.Quality' with 'SetByScalability' was ignored as it is lower priority than the previous 'SetBySystemSettingsIni'
[2017.06.13-01.51.13:988][  0]LogConsoleManager:Display: Setting the console variable 'r.SceneColorFormat' with 'SetByScalability' was ignored as it is lower priority than the previous 'SetBySystemSettingsIni'
[2017.06.13-01.51.13:988][  0]LogConsoleManager:Display: Setting the console variable 'r.TranslucencyVolumeBlur' with 'SetByScalability' was ignored as it is lower priority than the previous 'SetBySystemSettingsIni'
[2017.06.13-01.51.13:988][  0]LogInit: Selected Device Profile: [Windows]
[2017.06.13-01.51.13:988][  0]LogInit: Applying CVar settings loaded from the selected device profile: [Windows]
[2017.06.13-01.51.14:062][  0]LogInit: Computer: AI911LAB238P03
[2017.06.13-01.51.14:062][  0]LogInit: User: studentuser
[2017.06.13-01.51.14:062][  0]LogInit: CPU Page size=65536, Cores=4
[2017.06.13-01.51.14:062][  0]LogInit: High frequency timer resolution =3.410097 MHz
[2017.06.13-01.51.14:062][  0]LogMemory: Memory total: Physical=15.9GB (16GB approx)
[2017.06.13-01.51.14:062][  0]LogMemory: Platform Memory Stats for Windows
[2017.06.13-01.51.14:062][  0]LogMemory: Process Physical Memory: 265.19 MB used, 265.19 MB peak
[2017.06.13-01.51.14:062][  0]LogMemory: Process Virtual Memory: 269.68 MB used, 269.68 MB peak
[2017.06.13-01.51.14:062][  0]LogMemory: Physical Memory: 3474.47 MB used, 16291.25 MB total
[2017.06.13-01.51.14:062][  0]LogMemory: Virtual Memory: 614.33 MB used, 8388608.00 MB total
[2017.06.13-01.51.15:361][  0]LogTextLocalizationManager: No specific translations for ('en-US') exist, so ('en') translations will be used.
[2017.06.13-01.51.24:564][  0]LogD3D11RHI: D3D11 adapters:
[2017.06.13-01.51.24:603][  0]LogD3D11RHI:    0. 'NVIDIA GeForce GTX 970' (Feature Level 11_0)
[2017.06.13-01.51.24:603][  0]LogD3D11RHI:       4007/0/7889 MB DedicatedVideo/DedicatedSystem/SharedSystem, Outputs:1, VendorId:0x10de
[2017.06.13-01.51.24:603][  0]LogD3D11RHI: Chosen D3D11 Adapter: 0
[2017.06.13-01.51.24:607][  0]LogD3D11RHI: Creating new Direct3DDevice
[2017.06.13-01.51.24:607][  0]LogD3D11RHI:     GPU DeviceId: 0x13c2 (for the marketing name, search the web for "GPU Device Id")
[2017.06.13-01.51.24:607][  0]LogWindows: EnumDisplayDevices:
[2017.06.13-01.51.24:607][  0]LogWindows:    0. 'NVIDIA GeForce GTX 970' (P:1 D:1)
[2017.06.13-01.51.24:607][  0]LogWindows:    1. 'NVIDIA GeForce GTX 970' (P:0 D:0)
[2017.06.13-01.51.24:607][  0]LogWindows:    2. 'NVIDIA GeForce GTX 970' (P:0 D:0)
[2017.06.13-01.51.24:607][  0]LogWindows:    3. 'NVIDIA GeForce GTX 970' (P:0 D:0)
[2017.06.13-01.51.24:607][  0]LogWindows:    4. 'RDPDD Chained DD' (P:0 D:0)
[2017.06.13-01.51.24:608][  0]LogWindows:    5. 'RDP Encoder Mirror Driver' (P:0 D:0)
[2017.06.13-01.51.24:608][  0]LogWindows:    6. 'RDP Reflector Display Driver' (P:0 D:0)
[2017.06.13-01.51.24:608][  0]LogWindows: DebugString: GetVideoDriverDetailsInvalid PrimaryIsNotTheChoosenAdapter GetVideoDriverDetailsInvalid PrimaryIsNotTheChoosenAdapter GetVideoDriverDetailsInvalid PrimaryIsNotTheChoosenAdapter FoundDriverCount:4 
[2017.06.13-01.51.24:608][  0]LogD3D11RHI:     Adapter Name: NVIDIA GeForce GTX 970
[2017.06.13-01.51.24:608][  0]LogD3D11RHI:   Driver Version: 368.81 (internal:10.18.13.6881, unified:368.81)
[2017.06.13-01.51.24:608][  0]LogD3D11RHI:      Driver Date: 7-10-2016
[2017.06.13-01.51.24:608][  0]LogRHI: Texture pool is 1361 MB (70% of 1945 MB)
[2017.06.13-01.51.24:616][  0]LogD3D11RHI: Async texture creation enabled
[2017.06.13-01.51.24:630][  0]LogD3D11RHI: GPU Timing Frequency: 1000.000000 (Debug: 2 2)
[2017.06.13-01.51.24:630][  0]LogShaderCompilers: Guid format shader working directory is -15 characters bigger than the processId version (../../../../../castle-guard-working-bow/CastleGuard/ProjectFiles/Intermediate/Shaders/WorkingDirectory/7232/).
[2017.06.13-01.51.24:630][  0]LogShaderCompilers: Cleaned the shader compiler working directory 'C:/Users/STUDEN~1/AppData/Local/Temp/UnrealShaderWorkingDir/37F705A847EAD9C6D579C18F9783C590/'.
[2017.06.13-01.51.24:630][  0]LogShaderCompilers:Display: Using Local Shader Compiler.
[2017.06.13-01.51.28:950][  0]LogTemp:Display: Loaded TP AllDesktopTargetPlatform
[2017.06.13-01.51.28:962][  0]LogTemp:Display: Loaded TP WindowsClientTargetPlatform
[2017.06.13-01.51.28:969][  0]LogTemp:Display: Loaded TP WindowsNoEditorTargetPlatform
[2017.06.13-01.51.28:976][  0]LogTemp:Display: Loaded TP WindowsServerTargetPlatform
[2017.06.13-01.51.28:983][  0]LogTemp:Display: Loaded TP WindowsTargetPlatform
[2017.06.13-01.51.29:024][  0]LogTemp:Display: Loaded TP AndroidTargetPlatform
[2017.06.13-01.51.29:043][  0]LogTemp:Display: Loaded TP Android_ASTCTargetPlatform
[2017.06.13-01.51.29:052][  0]LogTemp:Display: Loaded TP Android_ATCTargetPlatform
[2017.06.13-01.51.29:070][  0]LogTemp:Display: Loaded TP Android_DXTTargetPlatform
[2017.06.13-01.51.29:088][  0]LogTemp:Display: Loaded TP Android_ETC1TargetPlatform
[2017.06.13-01.51.29:104][  0]LogTemp:Display: Loaded TP Android_ETC2TargetPlatform
[2017.06.13-01.51.29:134][  0]LogTemp:Display: Loaded TP Android_MultiTargetPlatform
[2017.06.13-01.51.29:134][  0]LogTemp:Display: Loaded TP Android_PVRTCTargetPlatform
[2017.06.13-01.51.29:144][  0]LogTemp:Display: Loaded TP HTML5TargetPlatform
[2017.06.13-01.51.29:238][  0]LogTemp:Display: Loaded TP IOSTargetPlatform
[2017.06.13-01.51.29:244][  0]LogTemp:Display: Loaded TP TVOSTargetPlatform
[2017.06.13-01.51.29:258][  0]LogTemp:Display: Loaded TP LinuxClientTargetPlatform
[2017.06.13-01.51.29:274][  0]LogTemp:Display: Loaded TP LinuxNoEditorTargetPlatform
[2017.06.13-01.51.29:288][  0]LogTemp:Display: Loaded TP LinuxServerTargetPlatform
[2017.06.13-01.51.29:324][  0]LogTemp:Display: Loaded TP LinuxTargetPlatform
[2017.06.13-01.51.29:324][  0]LogTargetPlatformManager:Display: Building Assets For Windows
[2017.06.13-01.51.29:764][  0]LogDerivedDataCache:Display: Max Cache Size: 512 MB
[2017.06.13-01.51.30:118][  0]LogDerivedDataCache: Loaded boot cache 0.34s 66MB C:/Users/studentuser/AppData/Local/UnrealEngine/4.13/DerivedDataCache/Boot.ddc.
[2017.06.13-01.51.30:118][  0]LogDerivedDataCache:Display: Loaded Boot cache: C:/Users/studentuser/AppData/Local/UnrealEngine/4.13/DerivedDataCache/Boot.ddc
[2017.06.13-01.51.30:118][  0]LogDerivedDataCache: FDerivedDataBackendGraph:  Pak pak cache file ../../../../../castle-guard-working-bow/CastleGuard/ProjectFiles/DerivedDataCache/DDC.ddp not found, will not use a pak cache.
[2017.06.13-01.51.30:118][  0]LogDerivedDataCache: Unable to find inner node Pak for hierarchical cache Hierarchy.
[2017.06.13-01.51.30:118][  0]LogDerivedDataCache: FDerivedDataBackendGraph:  CompressedPak pak cache file ../../../../../castle-guard-working-bow/CastleGuard/ProjectFiles/DerivedDataCache/Compressed.ddp not found, will not use a pak cache.
[2017.06.13-01.51.30:118][  0]LogDerivedDataCache: Unable to find inner node CompressedPak for hierarchical cache Hierarchy.
[2017.06.13-01.51.30:193][  0]LogDerivedDataCache:Display: Pak cache opened for reading ../../../Engine/DerivedDataCache/Compressed.ddp.
[2017.06.13-01.51.30:204][  0]LogDerivedDataCache: Using Local data cache path C:/Users/studentuser/AppData/Local/UnrealEngine/Common/DerivedDataCache: Writable
[2017.06.13-01.51.33:943][  0]LogInit: Selected Device Profile: [Windows]
[2017.06.13-01.51.33:944][  0]LogMaterial: Uniform references updated for custom material expression Custom.
[2017.06.13-01.51.33:947][  0]LogContentStreaming: Texture pool size is 0.00 MB
[2017.06.13-01.51.34:090][  0]LogMeshUtilities: No automatic mesh reduction module available
[2017.06.13-01.51.34:090][  0]LogMeshUtilities: No automatic mesh merging module available
[2017.06.13-01.51.34:090][  0]LogMeshUtilities: No distributed automatic mesh merging module available
[2017.06.13-01.51.34:823][  0]LogNetVersion: GetLocalNetworkVersion: CL: 3106830, ProjectName: vive_archery_ue4, ProjectVersion: , EngineNetworkVersion: 1, GameNetworkVersion: 0, NetworkChecksum: 2616931300
[2017.06.13-01.51.34:877][  0]LogAssetRegistry: FAssetRegistry took 0.0199 seconds to start up
[2017.06.13-01.51.34:904][  0]LogDirectoryWatcher:Warning: Failed to begin reading directory changes for ../../../Engine/Plugins/Marketplace/RunebergVRPlugin/Content/. Error: The system cannot find the file specified. (0x00000002)
[2017.06.13-01.51.34:959][  0]LogPackageLocalizationCache: Processed 5 localized package path(s) for 2 prioritized culture(s) in 0.054840 seconds
[2017.06.13-01.51.34:963][  0]LogUObjectArray: 29778 objects as part of root set at end of initial load.
[2017.06.13-01.51.34:963][  0]LogUObjectAllocator: 6125448 out of 0 bytes used by permanent object pool.
[2017.06.13-01.51.34:963][  0]LogUObjectArray: CloseDisregardForGC: 0/0 objects in disregard for GC pool
[2017.06.13-01.51.34:972][  0]LogInit: WinSock: version 1.1 (2.2), MaxSocks=32767, MaxUdp=65467
[2017.06.13-01.51.36:677][  0]LogSlate: SlateFontCache - WITH_FREETYPE: 1, WITH_HARFBUZZ: 1
[2017.06.13-01.51.36:677][  0]LogSlate: SlateFontCache - WITH_FREETYPE: 1, WITH_HARFBUZZ: 1
[2017.06.13-01.52.02:797][  0]LogSubstanceCoreModule: Substance CPU Engine Loaded, Max Texture Size 2048
[2017.06.13-01.52.02:846][  0]LogTcpMessaging: Initializing TcpMessaging bridge
[2017.06.13-01.52.02:880][  0]LogUdpMessaging: Initializing bridge on interface 0.0.0.0:0 to multicast group 230.0.0.1:6666.
[2017.06.13-01.52.03:639][  0]SourceControl: Info Source control is disabled
[2017.06.13-01.52.03:779][  0]SourceControl: Info Source control is disabled
[2017.06.13-01.52.03:824][  0]SourceControl: Info Source control is disabled
[2017.06.13-01.52.03:855][  0]SourceControl: Info Source control is disabled
[2017.06.13-01.52.04:944][  0]LogEngine: Initializing Engine...
[2017.06.13-01.52.05:360][  0]LogHMD: Failed to initialize OpenVR with code 108
[2017.06.13-01.52.05:622][  0]LogAIModule: Creating AISystem for world Untitled
[2017.06.13-01.52.05:644][  0]LogInit: XAudio2 using 'Speakers (3- Realtek High Definition Audio)' : 2 channels at 48 kHz using 32 bits per sample (channel mask 0x3)
[2017.06.13-01.52.05:682][  0]LogInit: FAudioDevice initialized.
[2017.06.13-01.52.05:713][  0]LogDerivedDataCache: Saved boot cache 0.03s 66MB C:/Users/studentuser/AppData/Local/UnrealEngine/4.13/DerivedDataCache/Boot.ddc.
[2017.06.13-01.52.05:720][  0]LogInit: Texture streaming: Enabled
[2017.06.13-01.52.05:800][  0]LogInit: Transaction tracking system initialized
[2017.06.13-01.52.05:861][  0]BlueprintLog: New page: Editor Load
[2017.06.13-01.52.06:237][  0]LocalizationService: Info Localization service is disabled
[2017.06.13-01.52.06:669][  0]LogConsoleResponse:Display: 
[2017.06.13-01.52.07:247][  0]LogCook:Display: Max memory allowance for cook 16384mb min free memory 0mb
[2017.06.13-01.52.07:247][  0]LogCook:Display: Mobile HDR setting 1
[2017.06.13-01.52.08:102][  0]LogFileCache: Scanning file cache for directory 'D:/castle-guard-working-bow/CastleGuard/ProjectFiles/Content/' took 0.01s
[2017.06.13-01.52.09:191][  0]SourceControl: Info Source control is disabled
[2017.06.13-01.52.09:192][  0]Cmd: MAP LOAD FILE="../../../../../castle-guard-working-bow/CastleGuard/ProjectFiles/Content/Vive/Maps/default.umap" TEMPLATE=0 SHOWPROGRESS=1 FEATURELEVEL=3
[2017.06.13-01.52.09:194][  0]LightingResults: New page: Lighting Build
[2017.06.13-01.52.09:196][  0]MapCheck: New page: Map Check
[2017.06.13-01.52.09:196][  0]LightingResults: New page: Lighting Build
[2017.06.13-01.52.09:256][  0]LogLinker:Warning: Can't find file '/Game/Vive/Blueprints/AI/CatapultAttackPosition'
[2017.06.13-01.52.09:256][  0]LogLinker:Warning: Can't find file for asset '/Game/Vive/Blueprints/AI/CatapultAttackPosition' while loading ../../../../../castle-guard-working-bow/CastleGuard/ProjectFiles/Content/Vive/Blueprints/AI/AiAttackPosition_Catapult.uasset.
[2017.06.13-01.52.09:256][  0]LoadErrors:Error: Error /Game/Vive/Blueprints/AI/AiAttackPosition_Catapult : Can't find file for asset. /Game/Vive/Blueprints/AI/CatapultAttackPosition
[2017.06.13-01.52.09:256][  0]LogLinker:Warning: Can't find file '/Game/Vive/Blueprints/AI/CatapultAttackPosition'
[2017.06.13-01.52.09:256][  0]LogLinker:Warning: Can't find file for asset '/Game/Vive/Blueprints/AI/CatapultAttackPosition' while loading ../../../../../castle-guard-working-bow/CastleGuard/ProjectFiles/Content/Vive/Blueprints/AI/AiAttackPosition_Catapult.uasset.
[2017.06.13-01.52.09:256][  0]LoadErrors:Error: Error /Game/Vive/Blueprints/AI/AiAttackPosition_Catapult : Can't find file for asset. /Game/Vive/Blueprints/AI/CatapultAttackPosition
[2017.06.13-01.52.09:256][  0]LogLinker:Warning: Can't find file '/Game/Vive/Blueprints/AI/CatapultAttackPosition'
[2017.06.13-01.52.09:256][  0]LogLinker:Warning: Can't find file for asset '/Game/Vive/Blueprints/AI/CatapultAttackPosition' while loading ../../../../../castle-guard-working-bow/CastleGuard/ProjectFiles/Content/Vive/Blueprints/AI/AiAttackPosition_Catapult.uasset.
[2017.06.13-01.52.09:256][  0]LoadErrors:Error: Error /Game/Vive/Blueprints/AI/AiAttackPosition_Catapult : Can't find file for asset. /Game/Vive/Blueprints/AI/CatapultAttackPosition
[2017.06.13-01.52.09:256][  0]LogLinker:Warning: Can't find file '/Game/Vive/Blueprints/AI/CatapultAttackPosition'
[2017.06.13-01.52.09:256][  0]LogLinker:Warning: Can't find file for asset '/Game/Vive/Blueprints/AI/CatapultAttackPosition' while loading ../../../../../castle-guard-working-bow/CastleGuard/ProjectFiles/Content/Vive/Blueprints/AI/AiAttackPosition_Catapult.uasset.
[2017.06.13-01.52.09:256][  0]LoadErrors:Error: Error /Game/Vive/Blueprints/AI/AiAttackPosition_Catapult : Can't find file for asset. /Game/Vive/Blueprints/AI/CatapultAttackPosition
[2017.06.13-01.52.09:257][  0]LogLinker:Warning: Can't find file '/Game/Vive/Blueprints/AI/CatapultAttackPosition'
[2017.06.13-01.52.09:257][  0]LoadErrors: Info Failed to load /Game/Vive/Blueprints/AI/CatapultAttackPosition.CatapultAttackPosition Referenced by AiAttackPosition_Catapult
[2017.06.13-01.52.09:257][  0]LogLinker:Warning: Can't find file for asset '/Game/Vive/Blueprints/AI/CatapultAttackPosition' while loading ../../../../../castle-guard-working-bow/CastleGuard/ProjectFiles/Content/Vive/Blueprints/AI/Catapult.uasset.
[2017.06.13-01.52.09:257][  0]LoadErrors: Info Failed to load /Game/Vive/Blueprints/AI/CatapultAttackPosition.CatapultAttackPosition Referenced by AiAttackPosition_Catapult
[2017.06.13-01.52.09:257][  0]LoadErrors:Error: Error /Game/Vive/Blueprints/AI/Catapult : Can't find file for asset. /Game/Vive/Blueprints/AI/CatapultAttackPosition
[2017.06.13-01.52.09:257][  0]LogLinker:Warning: Can't find file '/Game/Vive/Blueprints/AI/CatapultAttackPosition'
[2017.06.13-01.52.09:257][  0]LoadErrors: Info Failed to load /Game/Vive/Blueprints/AI/CatapultAttackPosition.CatapultAttackPosition_C Referenced by AiAttackPosition_Catapult_C
[2017.06.13-01.52.09:257][  0]LogLinker:Warning: Can't find file for asset '/Game/Vive/Blueprints/AI/CatapultAttackPosition' while loading ../../../../../castle-guard-working-bow/CastleGuard/ProjectFiles/Content/Vive/Blueprints/AI/Catapult.uasset.
[2017.06.13-01.52.09:257][  0]LoadErrors: Info Failed to load /Game/Vive/Blueprints/AI/CatapultAttackPosition.CatapultAttackPosition_C Referenced by AiAttackPosition_Catapult_C
[2017.06.13-01.52.09:257][  0]LoadErrors:Error: Error /Game/Vive/Blueprints/AI/Catapult : Can't find file for asset. /Game/Vive/Blueprints/AI/CatapultAttackPosition
[2017.06.13-01.52.09:257][  0]LogLinker:Warning: Can't find file '/Game/Vive/Blueprints/AI/CatapultAttackPosition'
[2017.06.13-01.52.09:257][  0]LoadErrors: Info Failed to load /Game/Vive/Blueprints/AI/CatapultAttackPosition.Default__CatapultAttackPosition_C Referenced by Default__AiAttackPosition_Catapult_C
[2017.06.13-01.52.09:257][  0]LogLinker:Warning: Can't find file for asset '/Game/Vive/Blueprints/AI/CatapultAttackPosition' while loading ../../../../../castle-guard-working-bow/CastleGuard/ProjectFiles/Content/Vive/Blueprints/AI/Catapult.uasset.
[2017.06.13-01.52.09:257][  0]LoadErrors: Info Failed to load /Game/Vive/Blueprints/AI/CatapultAttackPosition.Default__CatapultAttackPosition_C Referenced by Default__AiAttackPosition_Catapult_C
[2017.06.13-01.52.09:257][  0]LoadErrors:Error: Error /Game/Vive/Blueprints/AI/Catapult : Can't find file for asset. /Game/Vive/Blueprints/AI/CatapultAttackPosition
[2017.06.13-01.52.09:257][  0]LogLinker:Warning: Can't find file '/Game/Vive/Blueprints/AI/CatapultAttackPosition'
[2017.06.13-01.52.09:257][  0]LoadErrors: Info Failed to load /Game/Vive/Blueprints/AI/CatapultAttackPosition.CatapultAttackPosition_C Referenced by AiAttackPosition_Catapult_C
[2017.06.13-01.52.09:257][  0]LogLinker:Warning: Can't find file for asset '/Game/Vive/Blueprints/AI/CatapultAttackPosition' while loading ../../../../../castle-guard-working-bow/CastleGuard/ProjectFiles/Content/Vive/Blueprints/AI/Catapult.uasset.
[2017.06.13-01.52.09:258][  0]LoadErrors: Info Failed to load /Game/Vive/Blueprints/AI/CatapultAttackPosition.CatapultAttackPosition_C Referenced by AiAttackPosition_Catapult_C
[2017.06.13-01.52.09:258][  0]LoadErrors:Error: Error /Game/Vive/Blueprints/AI/Catapult : Can't find file for asset. /Game/Vive/Blueprints/AI/CatapultAttackPosition
[2017.06.13-01.52.09:916][  0]LogBlueprint:Warning: [SoldierPathStops] 'StartOfPath' variable not found. Base class was probably changed.
[2017.06.13-01.52.09:916][  0]LogBlueprint:Warning: [SoldierPathStops] 'StartOfPath' variable not found. Base class was probably changed.
[2017.06.13-01.52.09:919][  0]LogBlueprint:Warning: [Compiler SoldierPathStops] Warning Could not find a variable named "StartOfPath" in 'SoldierAI_C'.
Make sure 'SoldierAI_C' has been compiled for  K2Node_VariableSet_1
[2017.06.13-01.52.09:920][  0]LogBlueprint:Error: [Compiler SoldierPathStops] Error The property associated with  StartOfPath  could not be found
[2017.06.13-01.52.09:922][  0]LogBlueprint:Warning: [Compiler SoldierPathStops] Warning [0071.02] Compile of SoldierPathStops failed. 1 Fatal Issue(s) 1 Warning(s) [in 5 ms] (/Game/Vive/Blueprints/AI/SoldierPathStops.SoldierPathStops)
[2017.06.13-01.52.09:922][  0]LogBlueprint:Warning: [Compiler SoldierPathStops] Warning [0071.02] Compile of SoldierPathStops failed. 1 Fatal Issue(s) 2 Warning(s) [in 0 ms] (/Game/Vive/Blueprints/AI/SoldierPathStops.SoldierPathStops)
[2017.06.13-01.52.09:923][  0]LogBlueprint:Warning: [Compiler SoldierPathStops] Warning [0071.02] Compile of SoldierPathStops failed. 1 Fatal Issue(s) 3 Warning(s) [in 0 ms] (/Game/Vive/Blueprints/AI/SoldierPathStops.SoldierPathStops)
[2017.06.13-01.52.10:006][  0]LogLinker:Warning: Can't find file '/Game/Vive/Blueprints/AI/CatapultAttackPosition'
[2017.06.13-01.52.10:006][  0]LoadErrors: Info Failed to load /Game/Vive/Blueprints/AI/AiAttackPosition_Catapult.AiAttackPosition_Catapult_C:PositionTaken Referenced by AiAttackPosition_Catapult_C
[2017.06.13-01.52.10:006][  0]LogLinker:Warning: Can't find file for asset '/Game/Vive/Blueprints/AI/CatapultAttackPosition' while loading ../../../../../castle-guard-working-bow/CastleGuard/ProjectFiles/Content/Vive/Blueprints/AI/CatapultPathStops.uasset.
[2017.06.13-01.52.10:006][  0]LoadErrors: Info Failed to load /Game/Vive/Blueprints/AI/AiAttackPosition_Catapult.AiAttackPosition_Catapult_C:PositionTaken Referenced by AiAttackPosition_Catapult_C
[2017.06.13-01.52.10:006][  0]LoadErrors:Error: Error /Game/Vive/Blueprints/AI/CatapultPathStops : Can't find file for asset. /Game/Vive/Blueprints/AI/CatapultAttackPosition
[2017.06.13-01.52.10:006][  0]LogLinker:Warning: Can't find file '/Game/Vive/Blueprints/AI/CatapultAttackPosition'
[2017.06.13-01.52.10:006][  0]LoadErrors: Info Failed to load /Game/Vive/Blueprints/AI/AiAttackPosition_Catapult.AiAttackPosition_Catapult_C:PositionTaken Referenced by AiAttackPosition_Catapult_C
[2017.06.13-01.52.10:006][  0]LogLinker:Warning: Can't find file for asset '/Game/Vive/Blueprints/AI/CatapultAttackPosition' while loading ../../../../../castle-guard-working-bow/CastleGuard/ProjectFiles/Content/Vive/Blueprints/AI/CatapultPathStops.uasset.
[2017.06.13-01.52.10:006][  0]LoadErrors: Info Failed to load /Game/Vive/Blueprints/AI/AiAttackPosition_Catapult.AiAttackPosition_Catapult_C:PositionTaken Referenced by AiAttackPosition_Catapult_C
[2017.06.13-01.52.10:006][  0]LoadErrors:Error: Error /Game/Vive/Blueprints/AI/CatapultPathStops : Can't find file for asset. /Game/Vive/Blueprints/AI/CatapultAttackPosition
[2017.06.13-01.52.10:007][  0]LogLinker:Warning: Can't find file '/Game/Vive/Blueprints/AI/CatapultAttackPosition'
[2017.06.13-01.52.10:007][  0]LoadErrors: Info Failed to load /Game/Vive/Blueprints/AI/AiAttackPosition_Catapult.AiAttackPosition_Catapult_C:NextPosition Referenced by AiAttackPosition_Catapult_C
[2017.06.13-01.52.10:007][  0]LogLinker:Warning: Can't find file for asset '/Game/Vive/Blueprints/AI/CatapultAttackPosition' while loading ../../../../../castle-guard-working-bow/CastleGuard/ProjectFiles/Content/Vive/Blueprints/AI/CatapultPathStops.uasset.
[2017.06.13-01.52.10:007][  0]LoadErrors: Info Failed to load /Game/Vive/Blueprints/AI/AiAttackPosition_Catapult.AiAttackPosition_Catapult_C:NextPosition Referenced by AiAttackPosition_Catapult_C
[2017.06.13-01.52.10:007][  0]LoadErrors:Error: Error /Game/Vive/Blueprints/AI/CatapultPathStops : Can't find file for asset. /Game/Vive/Blueprints/AI/CatapultAttackPosition
[2017.06.13-01.52.10:008][  0]LogLinker:Warning: Can't find file '/Game/Vive/Blueprints/AI/CatapultAttackPosition'
[2017.06.13-01.52.10:008][  0]LoadErrors: Info Failed to load /Game/Vive/Blueprints/AI/AiAttackPosition_Catapult.AiAttackPosition_Catapult_C:NextPosition Referenced by AiAttackPosition_Catapult_C
[2017.06.13-01.52.10:008][  0]LogLinker:Warning: Can't find file for asset '/Game/Vive/Blueprints/AI/CatapultAttackPosition' while loading ../../../../../castle-guard-working-bow/CastleGuard/ProjectFiles/Content/Vive/Blueprints/AI/CatapultPathStops.uasset.
[2017.06.13-01.52.10:008][  0]LoadErrors: Info Failed to load /Game/Vive/Blueprints/AI/AiAttackPosition_Catapult.AiAttackPosition_Catapult_C:NextPosition Referenced by AiAttackPosition_Catapult_C
[2017.06.13-01.52.10:008][  0]LoadErrors:Error: Error /Game/Vive/Blueprints/AI/CatapultPathStops : Can't find file for asset. /Game/Vive/Blueprints/AI/CatapultAttackPosition
[2017.06.13-01.52.10:008][  0]LogTextFormatter:Warning: Failed to parse argument "ImportClass" as a number (using "0" as a fallback). Please check your format string for errors: ": Failed import for {ImportClass}".
[2017.06.13-01.52.10:053][  0]LogBlueprint:Warning: [Catapult] 'NextPosition' variable not found. Base class was probably changed.
[2017.06.13-01.52.10:053][  0]LogBlueprint:Warning: [Catapult] 'PositionTaken' variable not found. Base class was probably changed.
[2017.06.13-01.52.10:054][  0]LogBlueprint:Warning: [Catapult] 'CatapultProgressBar' variable not found. Base class was probably changed.
[2017.06.13-01.52.10:063][  0]LogBlueprint:Error: [Compiler Catapult] Error COMPILER ERROR: failed building connection with 'Actor Reference is not compatible with Reference.' at  K2Node_AIMoveTo_443
[2017.06.13-01.52.10:075][  0]LogBlueprint:Error: [Compiler Catapult] Error BaseAsyncTask: Internal connection error.  K2Node_AIMoveTo_443
[2017.06.13-01.52.10:075][  0]LogBlueprint:Warning: [Compiler Catapult] Warning Can't connect pins  Object  and  OtherActor : This cast has an invalid target type (was the class deleted without a redirect?).
[2017.06.13-01.52.10:075][  0]LogBlueprint:Warning: [Compiler Catapult] Warning Can't connect pins  OtherActor  and  Object : This cast has an invalid target type (was the class deleted without a redirect?).
[2017.06.13-01.52.10:076][  0]LogBlueprint:Warning: [Compiler Catapult] Warning Could not find a variable named "CatapultProgressBar" in 'CatapultHealthBar_C'.
Make sure 'CatapultHealthBar_C' has been compiled for  K2Node_VariableGet_2237
[2017.06.13-01.52.10:077][  0]LogBlueprint:Warning: [Compiler Catapult] Warning Could not find a variable named "PositionTaken" in 'Catapult'.
Make sure 'Catapult' has been compiled for  K2Node_VariableGet_185
[2017.06.13-01.52.10:077][  0]LogBlueprint:Warning: [Compiler Catapult] Warning Could not find a variable named "NextPosition" in 'Catapult'.
Make sure 'Catapult' has been compiled for  K2Node_VariableGet_165
[2017.06.13-01.52.10:078][  0]LogBlueprint:Error: [Compiler Catapult] Error This blueprint (self) is not compatible with ' self ', therefore that pin must have a connection.
[2017.06.13-01.52.10:078][  0]LogBlueprint:Error: [Compiler Catapult] Error The property associated with  PositionTaken  could not be found
[2017.06.13-01.52.10:079][  0]LogBlueprint:Error: [Compiler Catapult] Error The property associated with  CatapultProgressBar  could not be found
[2017.06.13-01.52.10:090][  0]LogBlueprint:Warning: [Compiler Catapult] Warning [0071.18] Compile of Catapult failed. 5 Fatal Issue(s) 5 Warning(s) [in 34 ms] (/Game/Vive/Blueprints/AI/Catapult.Catapult)
[2017.06.13-01.52.10:091][  0]LogBlueprint:Warning: [Compiler Catapult] Warning [0071.18] Compile of Catapult failed. 5 Fatal Issue(s) 6 Warning(s) [in 0 ms] (/Game/Vive/Blueprints/AI/Catapult.Catapult)
[2017.06.13-01.52.10:091][  0]LogBlueprint:Warning: [Compiler Catapult] Warning [0071.18] Compile of Catapult failed. 5 Fatal Issue(s) 7 Warning(s) [in 0 ms] (/Game/Vive/Blueprints/AI/Catapult.Catapult)
[2017.06.13-01.52.10:122][  0]LogBlueprint:Warning: [Catapult] 'CatapultProgressBar' variable not found. Base class was probably changed.
[2017.06.13-01.52.10:124][  0]LogLinker:Warning: Can't find file '/Game/Vive/Blueprints/AI/CatapultAttackPosition'
[2017.06.13-01.52.10:124][  0]LoadErrors: Info Failed to load /Game/Vive/Blueprints/AI/CatapultAttackPosition.CatapultAttackPosition_C Referenced by AiAttackPosition_Catapult_C
[2017.06.13-01.52.10:124][  0]LogLinker:Warning: Can't find file for asset '/Game/Vive/Blueprints/AI/CatapultAttackPosition' while loading ../../../../../castle-guard-working-bow/CastleGuard/ProjectFiles/Content/Vive/Blueprints/AI/Catapult.uasset.
[2017.06.13-01.52.10:124][  0]LoadErrors: Info Failed to load /Game/Vive/Blueprints/AI/CatapultAttackPosition.CatapultAttackPosition_C Referenced by AiAttackPosition_Catapult_C
[2017.06.13-01.52.10:124][  0]LoadErrors:Error: Error /Game/Vive/Blueprints/AI/Catapult : Can't find file for asset. /Game/Vive/Blueprints/AI/CatapultAttackPosition
[2017.06.13-01.52.10:125][  0]LogLinker:Warning: Can't find file '/Game/Vive/Blueprints/AI/CatapultAttackPosition'
[2017.06.13-01.52.10:125][  0]LoadErrors: Info Failed to load /Game/Vive/Blueprints/AI/CatapultAttackPosition.CatapultAttackPosition_C Referenced by AiAttackPosition_Catapult_C
[2017.06.13-01.52.10:125][  0]LogLinker:Warning: Can't find file for asset '/Game/Vive/Blueprints/AI/CatapultAttackPosition' while loading ../../../../../castle-guard-working-bow/CastleGuard/ProjectFiles/Content/Vive/Blueprints/AI/Catapult.uasset.
[2017.06.13-01.52.10:125][  0]LoadErrors: Info Failed to load /Game/Vive/Blueprints/AI/CatapultAttackPosition.CatapultAttackPosition_C Referenced by AiAttackPosition_Catapult_C
[2017.06.13-01.52.10:125][  0]LoadErrors:Error: Error /Game/Vive/Blueprints/AI/Catapult : Can't find file for asset. /Game/Vive/Blueprints/AI/CatapultAttackPosition
[2017.06.13-01.52.10:127][  0]LogLinker:Warning: Can't find file '/Game/Vive/Blueprints/AI/CatapultAttackPosition'
[2017.06.13-01.52.10:127][  0]LoadErrors: Info Failed to load /Game/Vive/Blueprints/AI/CatapultAttackPosition.CatapultAttackPosition_C Referenced by AiAttackPosition_Catapult_C
[2017.06.13-01.52.10:127][  0]LogLinker:Warning: Can't find file for asset '/Game/Vive/Blueprints/AI/CatapultAttackPosition' while loading ../../../../../castle-guard-working-bow/CastleGuard/ProjectFiles/Content/Vive/Blueprints/AI/Catapult.uasset.
[2017.06.13-01.52.10:127][  0]LoadErrors: Info Failed to load /Game/Vive/Blueprints/AI/CatapultAttackPosition.CatapultAttackPosition_C Referenced by AiAttackPosition_Catapult_C
[2017.06.13-01.52.10:127][  0]LoadErrors:Error: Error /Game/Vive/Blueprints/AI/Catapult : Can't find file for asset. /Game/Vive/Blueprints/AI/CatapultAttackPosition
[2017.06.13-01.52.10:127][  0]LogLinker:Warning: Can't find file '/Game/Vive/Blueprints/AI/CatapultAttackPosition'
[2017.06.13-01.52.10:127][  0]LoadErrors: Info Failed to load /Game/Vive/Blueprints/AI/CatapultAttackPosition.CatapultAttackPosition_C Referenced by AiAttackPosition_Catapult_C
[2017.06.13-01.52.10:127][  0]LogLinker:Warning: Can't find file for asset '/Game/Vive/Blueprints/AI/CatapultAttackPosition' while loading ../../../../../castle-guard-working-bow/CastleGuard/ProjectFiles/Content/Vive/Blueprints/AI/Catapult.uasset.
[2017.06.13-01.52.10:128][  0]LoadErrors: Info Failed to load /Game/Vive/Blueprints/AI/CatapultAttackPosition.CatapultAttackPosition_C Referenced by AiAttackPosition_Catapult_C
[2017.06.13-01.52.10:128][  0]LoadErrors:Error: Error /Game/Vive/Blueprints/AI/Catapult : Can't find file for asset. /Game/Vive/Blueprints/AI/CatapultAttackPosition
[2017.06.13-01.52.10:128][  0]LogTextFormatter:Warning: Failed to parse argument "ImportClass" as a number (using "0" as a fallback). Please check your format string for errors: ": Failed import for {ImportClass}".
[2017.06.13-01.52.10:333][  0]LogLinker:Warning: Can't find file '/Game/Vive/Blueprints/AI/CatapultAttackPosition'
[2017.06.13-01.52.10:333][  0]LoadErrors: Info Failed to load /Game/Vive/Blueprints/AI/CatapultAttackPosition.CatapultAttackPosition_C Referenced by AiAttackPosition_Catapult_C
[2017.06.13-01.52.10:333][  0]LogLinker:Warning: Can't find file for asset '/Game/Vive/Blueprints/AI/CatapultAttackPosition' while loading ../../../../../castle-guard-working-bow/CastleGuard/ProjectFiles/Content/Vive/Maps/default.umap.
[2017.06.13-01.52.10:333][  0]LoadErrors: Info Failed to load /Game/Vive/Blueprints/AI/CatapultAttackPosition.CatapultAttackPosition_C Referenced by AiAttackPosition_Catapult_C
[2017.06.13-01.52.10:333][  0]LoadErrors:Error: Error /Game/Vive/Maps/default : Can't find file for asset. /Game/Vive/Blueprints/AI/CatapultAttackPosition
[2017.06.13-01.52.10:367][  0]LogLinker:Warning: Can't find file '/Game/Vive/Blueprints/CastleBlueprints/CastleGate_Blueprint'
[2017.06.13-01.52.10:367][  0]LogLinker:Warning: Can't find file for asset '/Game/Vive/Blueprints/CastleBlueprints/CastleGate_Blueprint' while loading ../../../../../castle-guard-working-bow/CastleGuard/ProjectFiles/Content/Vive/Maps/default.umap.
[2017.06.13-01.52.10:367][  0]LoadErrors:Error: Error /Game/Vive/Maps/default : Can't find file for asset. /Game/Vive/Blueprints/CastleBlueprints/CastleGate_Blueprint
[2017.06.13-01.52.10:367][  0]LogLinker:Warning: Can't find file '/Game/Vive/Blueprints/CastleBlueprints/LevelBaseActor_Blueprint'
[2017.06.13-01.52.10:367][  0]LogLinker:Warning: Can't find file for asset '/Game/Vive/Blueprints/CastleBlueprints/LevelBaseActor_Blueprint' while loading ../../../../../castle-guard-working-bow/CastleGuard/ProjectFiles/Content/Vive/Maps/default.umap.
[2017.06.13-01.52.10:367][  0]LoadErrors:Error: Error /Game/Vive/Maps/default : Can't find file for asset. /Game/Vive/Blueprints/CastleBlueprints/LevelBaseActor_Blueprint
[2017.06.13-01.52.10:950][  0]LogLinker:Warning: Can't find file '/Game/Vive/Blueprints/AI/CatapultAttackPosition'
[2017.06.13-01.52.10:951][  0]LoadErrors: Info Failed to load /Game/Vive/Blueprints/AI/CatapultAttackPosition.CatapultAttackPosition_C Referenced by AiAttackPosition_Catapult_C
[2017.06.13-01.52.10:951][  0]LogLinker:Warning: Can't find file for asset '/Game/Vive/Blueprints/AI/CatapultAttackPosition' while loading ../../../../../castle-guard-working-bow/CastleGuard/ProjectFiles/Content/Vive/Maps/default.umap.
[2017.06.13-01.52.10:951][  0]LoadErrors: Info Failed to load /Game/Vive/Blueprints/AI/CatapultAttackPosition.CatapultAttackPosition_C Referenced by AiAttackPosition_Catapult_C
[2017.06.13-01.52.10:951][  0]LoadErrors:Error: Error /Game/Vive/Maps/default : Can't find file for asset. /Game/Vive/Blueprints/AI/CatapultAttackPosition
[2017.06.13-01.52.10:951][  0]LogLinker:Warning: Can't find file '/Game/Vive/Blueprints/AI/CatapultAttackPosition'
[2017.06.13-01.52.10:951][  0]LoadErrors: Info Failed to load /Game/Vive/Blueprints/AI/CatapultAttackPosition.CatapultAttackPosition_C Referenced by AiAttackPosition_Catapult_C
[2017.06.13-01.52.10:951][  0]LogLinker:Warning: Can't find file for asset '/Game/Vive/Blueprints/AI/CatapultAttackPosition' while loading ../../../../../castle-guard-working-bow/CastleGuard/ProjectFiles/Content/Vive/Maps/default.umap.
[2017.06.13-01.52.10:951][  0]LoadErrors: Info Failed to load /Game/Vive/Blueprints/AI/CatapultAttackPosition.CatapultAttackPosition_C Referenced by AiAttackPosition_Catapult_C
[2017.06.13-01.52.10:951][  0]LoadErrors:Error: Error /Game/Vive/Maps/default : Can't find file for asset. /Game/Vive/Blueprints/AI/CatapultAttackPosition
[2017.06.13-01.52.10:951][  0]LogLinker:Warning: Can't find file '/Game/Vive/Blueprints/CastleBlueprints/CastleGate_Blueprint'
[2017.06.13-01.52.10:951][  0]LogLinker:Warning: Can't find file for asset '/Game/Vive/Blueprints/CastleBlueprints/CastleGate_Blueprint' while loading ../../../../../castle-guard-working-bow/CastleGuard/ProjectFiles/Content/Vive/Maps/default.umap.
[2017.06.13-01.52.10:951][  0]LoadErrors:Error: Error /Game/Vive/Maps/default : Can't find file for asset. /Game/Vive/Blueprints/CastleBlueprints/CastleGate_Blueprint
[2017.06.13-01.52.10:954][  0]LogLinker:Warning: Can't find file '/Game/Vive/Blueprints/CastleBlueprints/CastleGate_Blueprint'
[2017.06.13-01.52.10:954][  0]LogLinker:Warning: Can't find file for asset '/Game/Vive/Blueprints/CastleBlueprints/CastleGate_Blueprint' while loading ../../../../../castle-guard-working-bow/CastleGuard/ProjectFiles/Content/Vive/Maps/default.umap.
[2017.06.13-01.52.10:954][  0]LoadErrors:Error: Error /Game/Vive/Maps/default : Can't find file for asset. /Game/Vive/Blueprints/CastleBlueprints/CastleGate_Blueprint
[2017.06.13-01.52.10:954][  0]LogLinker:Warning: Can't find file '/Game/Vive/Blueprints/CastleBlueprints/LevelBaseActor_Blueprint'
[2017.06.13-01.52.10:954][  0]LogLinker:Warning: Can't find file for asset '/Game/Vive/Blueprints/CastleBlueprints/LevelBaseActor_Blueprint' while loading ../../../../../castle-guard-working-bow/CastleGuard/ProjectFiles/Content/Vive/Maps/default.umap.
[2017.06.13-01.52.10:954][  0]LoadErrors:Error: Error /Game/Vive/Maps/default : Can't find file for asset. /Game/Vive/Blueprints/CastleBlueprints/LevelBaseActor_Blueprint
[2017.06.13-01.52.10:954][  0]LogLinker:Warning: Can't find file '/Game/Vive/Blueprints/AI/CatapultAttackPosition'
[2017.06.13-01.52.10:954][  0]LoadErrors: Info Failed to load /Game/Vive/Blueprints/AI/CatapultAttackPosition.CatapultAttackPosition_C Referenced by AiAttackPosition_Catapult_C
[2017.06.13-01.52.10:954][  0]LogLinker:Warning: Can't find file for asset '/Game/Vive/Blueprints/AI/CatapultAttackPosition' while loading ../../../../../castle-guard-working-bow/CastleGuard/ProjectFiles/Content/Vive/Maps/default.umap.
[2017.06.13-01.52.10:954][  0]LoadErrors: Info Failed to load /Game/Vive/Blueprints/AI/CatapultAttackPosition.CatapultAttackPosition_C Referenced by AiAttackPosition_Catapult_C
[2017.06.13-01.52.10:954][  0]LoadErrors:Error: Error /Game/Vive/Maps/default : Can't find file for asset. /Game/Vive/Blueprints/AI/CatapultAttackPosition
[2017.06.13-01.52.10:955][  0]LogLinker:Warning: Can't find file '/Game/Vive/Blueprints/AI/CatapultAttackPosition'
[2017.06.13-01.52.10:955][  0]LoadErrors: Info Failed to load /Game/Vive/Blueprints/AI/CatapultAttackPosition.CatapultAttackPosition_C Referenced by AiAttackPosition_Catapult_C
[2017.06.13-01.52.10:955][  0]LogLinker:Warning: Can't find file for asset '/Game/Vive/Blueprints/AI/CatapultAttackPosition' while loading ../../../../../castle-guard-working-bow/CastleGuard/ProjectFiles/Content/Vive/Maps/default.umap.
[2017.06.13-01.52.10:955][  0]LoadErrors: Info Failed to load /Game/Vive/Blueprints/AI/CatapultAttackPosition.CatapultAttackPosition_C Referenced by AiAttackPosition_Catapult_C
[2017.06.13-01.52.10:955][  0]LoadErrors:Error: Error /Game/Vive/Maps/default : Can't find file for asset. /Game/Vive/Blueprints/AI/CatapultAttackPosition
[2017.06.13-01.52.10:955][  0]LogLinker:Warning: Can't find file '/Game/Vive/Blueprints/CastleBlueprints/LevelBaseActor_Blueprint'
[2017.06.13-01.52.10:955][  0]LogLinker:Warning: Can't find file for asset '/Game/Vive/Blueprints/CastleBlueprints/LevelBaseActor_Blueprint' while loading ../../../../../castle-guard-working-bow/CastleGuard/ProjectFiles/Content/Vive/Maps/default.umap.
[2017.06.13-01.52.10:955][  0]LoadErrors:Error: Error /Game/Vive/Maps/default : Can't find file for asset. /Game/Vive/Blueprints/CastleBlueprints/LevelBaseActor_Blueprint
[2017.06.13-01.52.10:955][  0]LogLinker:Warning: Can't find file '/Game/Vive/Blueprints/CastleBlueprints/CastleGate_Blueprint'
[2017.06.13-01.52.10:955][  0]LogLinker:Warning: Can't find file for asset '/Game/Vive/Blueprints/CastleBlueprints/CastleGate_Blueprint' while loading ../../../../../castle-guard-working-bow/CastleGuard/ProjectFiles/Content/Vive/Maps/default.umap.
[2017.06.13-01.52.10:955][  0]LoadErrors:Error: Error /Game/Vive/Maps/default : Can't find file for asset. /Game/Vive/Blueprints/CastleBlueprints/CastleGate_Blueprint
[2017.06.13-01.52.10:956][  0]LogLinker:Warning: Can't find file '/Game/Vive/Blueprints/CastleBlueprints/LevelBaseActor_Blueprint'
[2017.06.13-01.52.10:956][  0]LogLinker:Warning: Can't find file for asset '/Game/Vive/Blueprints/CastleBlueprints/LevelBaseActor_Blueprint' while loading ../../../../../castle-guard-working-bow/CastleGuard/ProjectFiles/Content/Vive/Maps/default.umap.
[2017.06.13-01.52.10:956][  0]LoadErrors:Error: Error /Game/Vive/Maps/default : Can't find file for asset. /Game/Vive/Blueprints/CastleBlueprints/LevelBaseActor_Blueprint
[2017.06.13-01.52.10:956][  0]LogLinker:Warning: Can't find file '/Game/Vive/Blueprints/CastleBlueprints/CastleGate_Blueprint'
[2017.06.13-01.52.10:956][  0]LogLinker:Warning: Can't find file for asset '/Game/Vive/Blueprints/CastleBlueprints/CastleGate_Blueprint' while loading NULL.
[2017.06.13-01.52.10:956][  0]LogLinker:Warning: Can't find file '/Game/Vive/Blueprints/CastleBlueprints/LevelBaseActor_Blueprint'
[2017.06.13-01.52.10:956][  0]LogLinker:Warning: Can't find file for asset '/Game/Vive/Blueprints/CastleBlueprints/LevelBaseActor_Blueprint' while loading NULL.
[2017.06.13-01.52.10:956][  0]LogLinker:Warning: Can't find file '/Game/Vive/Blueprints/CastleBlueprints/CastleGate_Blueprint'
[2017.06.13-01.52.10:956][  0]LogLinker:Warning: Can't find file for asset '/Game/Vive/Blueprints/CastleBlueprints/CastleGate_Blueprint' while loading NULL.
[2017.06.13-01.52.10:956][  0]LogLinker:Warning: Can't find file '/Game/Vive/Blueprints/CastleBlueprints/CastleGate_Blueprint'
[2017.06.13-01.52.10:956][  0]LogLinker:Warning: Can't find file for asset '/Game/Vive/Blueprints/CastleBlueprints/CastleGate_Blueprint' while loading NULL.
[2017.06.13-01.52.10:956][  0]LogLinker:Warning: Can't find file '/Game/Vive/Blueprints/CastleBlueprints/LevelBaseActor_Blueprint'
[2017.06.13-01.52.10:957][  0]LogLinker:Warning: Can't find file for asset '/Game/Vive/Blueprints/CastleBlueprints/LevelBaseActor_Blueprint' while loading NULL.
[2017.06.13-01.52.10:957][  0]LogLinker:Warning: Can't find file '/Game/Vive/Blueprints/CastleBlueprints/LevelBaseActor_Blueprint'
[2017.06.13-01.52.10:957][  0]LogLinker:Warning: Can't find file for asset '/Game/Vive/Blueprints/CastleBlueprints/LevelBaseActor_Blueprint' while loading NULL.
[2017.06.13-01.52.10:957][  0]LogLinker:Warning: Can't find file '/Game/Vive/Blueprints/CastleBlueprints/CastleGate_Blueprint'
[2017.06.13-01.52.10:957][  0]LogLinker:Warning: Can't find file for asset '/Game/Vive/Blueprints/CastleBlueprints/CastleGate_Blueprint' while loading NULL.
[2017.06.13-01.52.10:957][  0]LogLinker:Warning: Can't find file '/Game/Vive/Blueprints/CastleBlueprints/LevelBaseActor_Blueprint'
[2017.06.13-01.52.10:957][  0]LogLinker:Warning: Can't find file for asset '/Game/Vive/Blueprints/CastleBlueprints/LevelBaseActor_Blueprint' while loading NULL.
[2017.06.13-01.52.10:959][  0]LogLinker:Warning: Can't find file '/Game/Vive/Blueprints/AI/CatapultAttackPosition'
[2017.06.13-01.52.10:959][  0]LoadErrors: Info Failed to load /Game/Vive/Blueprints/AI/CatapultAttackPosition.CatapultAttackPosition_C Referenced by AiAttackPosition_Catapult_C
[2017.06.13-01.52.10:960][  0]LogLinker:Warning: Can't find file for asset '/Game/Vive/Blueprints/AI/CatapultAttackPosition' while loading NULL.
[2017.06.13-01.52.10:960][  0]LoadErrors: Info Failed to load /Game/Vive/Blueprints/AI/CatapultAttackPosition.CatapultAttackPosition_C Referenced by AiAttackPosition_Catapult_C
[2017.06.13-01.52.10:967][  0]LogLinker:Warning: Can't find file '/Game/Vive/Blueprints/AI/CatapultAttackPosition'
[2017.06.13-01.52.10:967][  0]LoadErrors: Info Failed to load /Game/Vive/Blueprints/AI/CatapultAttackPosition.CatapultAttackPosition_C Referenced by AiAttackPosition_Catapult_C
[2017.06.13-01.52.10:967][  0]LogLinker:Warning: Can't find file for asset '/Game/Vive/Blueprints/AI/CatapultAttackPosition' while loading NULL.
[2017.06.13-01.52.10:967][  0]LoadErrors: Info Failed to load /Game/Vive/Blueprints/AI/CatapultAttackPosition.CatapultAttackPosition_C Referenced by AiAttackPosition_Catapult_C
[2017.06.13-01.52.10:967][  0]LogLinker:Warning: Can't find file '/Game/Vive/Blueprints/AI/CatapultAttackPosition'
[2017.06.13-01.52.10:967][  0]LoadErrors: Info Failed to load /Game/Vive/Blueprints/AI/CatapultAttackPosition.CatapultAttackPosition_C Referenced by AiAttackPosition_Catapult_C
[2017.06.13-01.52.10:967][  0]LogLinker:Warning: Can't find file for asset '/Game/Vive/Blueprints/AI/CatapultAttackPosition' while loading NULL.
[2017.06.13-01.52.10:967][  0]LoadErrors: Info Failed to load /Game/Vive/Blueprints/AI/CatapultAttackPosition.CatapultAttackPosition_C Referenced by AiAttackPosition_Catapult_C
[2017.06.13-01.52.10:978][  0]LogLinker:Warning: Can't find file '/Game/Vive/Blueprints/AI/CatapultAttackPosition'
[2017.06.13-01.52.10:978][  0]LoadErrors: Info Failed to load /Game/Vive/Blueprints/AI/CatapultAttackPosition.CatapultAttackPosition_C Referenced by AiAttackPosition_Catapult_C
[2017.06.13-01.52.10:978][  0]LogLinker:Warning: Can't find file for asset '/Game/Vive/Blueprints/AI/CatapultAttackPosition' while loading NULL.
[2017.06.13-01.52.10:978][  0]LoadErrors: Info Failed to load /Game/Vive/Blueprints/AI/CatapultAttackPosition.CatapultAttackPosition_C Referenced by AiAttackPosition_Catapult_C
[2017.06.13-01.52.10:978][  0]LogLinker:Warning: Can't find file '/Game/Vive/Blueprints/AI/CatapultAttackPosition'
[2017.06.13-01.52.10:978][  0]LoadErrors: Info Failed to load /Game/Vive/Blueprints/AI/CatapultAttackPosition.CatapultAttackPosition_C Referenced by AiAttackPosition_Catapult_C
[2017.06.13-01.52.10:979][  0]LogLinker:Warning: Can't find file for asset '/Game/Vive/Blueprints/AI/CatapultAttackPosition' while loading NULL.
[2017.06.13-01.52.10:979][  0]LoadErrors: Info Failed to load /Game/Vive/Blueprints/AI/CatapultAttackPosition.CatapultAttackPosition_C Referenced by AiAttackPosition_Catapult_C
[2017.06.13-01.52.11:024][  0]LogLinker:Warning: Can't find file '/Game/Vive/Blueprints/CastleBlueprints/CastleGate_Blueprint'
[2017.06.13-01.52.11:024][  0]LogLinker:Warning: Can't find file for asset '/Game/Vive/Blueprints/CastleBlueprints/CastleGate_Blueprint' while loading NULL.
[2017.06.13-01.52.11:024][  0]LogLinker:Warning: Can't find file '/Game/Vive/Blueprints/CastleBlueprints/CastleGate_Blueprint'
[2017.06.13-01.52.11:024][  0]LogLinker:Warning: Can't find file for asset '/Game/Vive/Blueprints/CastleBlueprints/CastleGate_Blueprint' while loading NULL.
[2017.06.13-01.52.11:049][  0]LogLinker:Warning: Can't find file '/Game/Vive/Blueprints/CastleBlueprints/LevelBaseActor_Blueprint'
[2017.06.13-01.52.11:049][  0]LogLinker:Warning: Can't find file for asset '/Game/Vive/Blueprints/CastleBlueprints/LevelBaseActor_Blueprint' while loading NULL.
[2017.06.13-01.52.11:049][  0]LogLinker:Warning: Can't find file '/Game/Vive/Blueprints/CastleBlueprints/LevelBaseActor_Blueprint'
[2017.06.13-01.52.11:049][  0]LogLinker:Warning: Can't find file for asset '/Game/Vive/Blueprints/CastleBlueprints/LevelBaseActor_Blueprint' while loading NULL.
[2017.06.13-01.52.11:086][  0]LogLinker:Warning: Can't find file '/Game/Vive/Blueprints/AI/CatapultAttackPosition'
[2017.06.13-01.52.11:087][  0]LoadErrors: Info Failed to load /Game/Vive/Blueprints/AI/CatapultAttackPosition.CatapultAttackPosition_C Referenced by AiAttackPosition_Catapult_C
[2017.06.13-01.52.11:087][  0]LogLinker:Warning: Can't find file for asset '/Game/Vive/Blueprints/AI/CatapultAttackPosition' while loading NULL.
[2017.06.13-01.52.11:087][  0]LoadErrors: Info Failed to load /Game/Vive/Blueprints/AI/CatapultAttackPosition.CatapultAttackPosition_C Referenced by AiAttackPosition_Catapult_C
[2017.06.13-01.52.11:087][  0]LogLinker:Warning: Can't find file '/Game/Vive/Blueprints/AI/CatapultAttackPosition'
[2017.06.13-01.52.11:087][  0]LoadErrors: Info Failed to load /Game/Vive/Blueprints/AI/CatapultAttackPosition.CatapultAttackPosition_C Referenced by AiAttackPosition_Catapult_C
[2017.06.13-01.52.11:087][  0]LogLinker:Warning: Can't find file for asset '/Game/Vive/Blueprints/AI/CatapultAttackPosition' while loading NULL.
[2017.06.13-01.52.11:087][  0]LoadErrors: Info Failed to load /Game/Vive/Blueprints/AI/CatapultAttackPosition.CatapultAttackPosition_C Referenced by AiAttackPosition_Catapult_C
[2017.06.13-01.52.11:089][  0]LogLinker:Warning: Can't find file '/Game/Vive/Blueprints/CastleBlueprints/LevelBaseActor_Blueprint'
[2017.06.13-01.52.11:090][  0]LogLinker:Warning: Can't find file for asset '/Game/Vive/Blueprints/CastleBlueprints/LevelBaseActor_Blueprint' while loading NULL.
[2017.06.13-01.52.11:090][  0]LogLinker:Warning: Can't find file '/Game/Vive/Blueprints/CastleBlueprints/LevelBaseActor_Blueprint'
[2017.06.13-01.52.11:090][  0]LogLinker:Warning: Can't find file for asset '/Game/Vive/Blueprints/CastleBlueprints/LevelBaseActor_Blueprint' while loading NULL.
[2017.06.13-01.52.11:090][  0]LogLinker:Warning: Can't find file '/Game/Vive/Blueprints/CastleBlueprints/CastleGate_Blueprint'
[2017.06.13-01.52.11:090][  0]LogLinker:Warning: Can't find file for asset '/Game/Vive/Blueprints/CastleBlueprints/CastleGate_Blueprint' while loading NULL.
[2017.06.13-01.52.11:090][  0]LogLinker:Warning: Can't find file '/Game/Vive/Blueprints/CastleBlueprints/CastleGate_Blueprint'
[2017.06.13-01.52.11:090][  0]LogLinker:Warning: Can't find file for asset '/Game/Vive/Blueprints/CastleBlueprints/CastleGate_Blueprint' while loading NULL.
[2017.06.13-01.52.11:091][  0]LogLinker:Warning: Can't find file '/Game/Vive/Blueprints/CastleBlueprints/LevelBaseActor_Blueprint'
[2017.06.13-01.52.11:091][  0]LogLinker:Warning: Can't find file for asset '/Game/Vive/Blueprints/CastleBlueprints/LevelBaseActor_Blueprint' while loading NULL.
[2017.06.13-01.52.11:091][  0]LogLinker:Warning: Can't find file '/Game/Vive/Blueprints/CastleBlueprints/LevelBaseActor_Blueprint'
[2017.06.13-01.52.11:091][  0]LogLinker:Warning: Can't find file for asset '/Game/Vive/Blueprints/CastleBlueprints/LevelBaseActor_Blueprint' while loading NULL.
[2017.06.13-01.52.12:220][  0]LogLinker:Warning: Can't find file '/Game/Vive/Blueprints/AI/CatapultAttackPosition'
[2017.06.13-01.52.12:220][  0]LoadErrors: Info Failed to load /Game/Vive/Blueprints/AI/CatapultAttackPosition.CatapultAttackPosition_C Referenced by AiAttackPosition_Catapult_C
[2017.06.13-01.52.12:220][  0]LogLinker:Warning: Can't find file for asset '/Game/Vive/Blueprints/AI/CatapultAttackPosition' while loading NULL.
[2017.06.13-01.52.12:220][  0]LoadErrors: Info Failed to load /Game/Vive/Blueprints/AI/CatapultAttackPosition.CatapultAttackPosition_C Referenced by AiAttackPosition_Catapult_C
[2017.06.13-01.52.12:264][  0]LogLinker:Warning: Can't find file '/Game/Vive/Blueprints/CastleBlueprints/LevelBaseActor_Blueprint'
[2017.06.13-01.52.12:265][  0]LogLinker:Warning: Can't find file for asset '/Game/Vive/Blueprints/CastleBlueprints/LevelBaseActor_Blueprint' while loading NULL.
[2017.06.13-01.52.12:265][  0]LogLinker:Warning: Can't find file '/Game/Vive/Blueprints/CastleBlueprints/LevelBaseActor_Blueprint'
[2017.06.13-01.52.12:265][  0]LoadErrors: Info Failed to load /Game/Vive/Blueprints/CastleBlueprints/LevelBaseActor_Blueprint.LevelBaseActor_Blueprint_C Referenced by PersistentLevel
[2017.06.13-01.52.12:265][  0]LogLinker:Warning: Can't find file for asset '/Game/Vive/Blueprints/CastleBlueprints/LevelBaseActor_Blueprint' while loading NULL.
[2017.06.13-01.52.12:265][  0]LoadErrors: Info Failed to load /Game/Vive/Blueprints/CastleBlueprints/LevelBaseActor_Blueprint.LevelBaseActor_Blueprint_C Referenced by PersistentLevel
[2017.06.13-01.52.12:265][  0]LogLinker:Warning: Can't find file '/Game/Vive/Blueprints/CastleBlueprints/CastleGate_Blueprint'
[2017.06.13-01.52.12:265][  0]LogLinker:Warning: Can't find file for asset '/Game/Vive/Blueprints/CastleBlueprints/CastleGate_Blueprint' while loading NULL.
[2017.06.13-01.52.12:265][  0]LogLinker:Warning: Can't find file '/Game/Vive/Blueprints/CastleBlueprints/CastleGate_Blueprint'
[2017.06.13-01.52.12:265][  0]LoadErrors: Info Failed to load /Game/Vive/Blueprints/CastleBlueprints/CastleGate_Blueprint.CastleGate_Blueprint_C Referenced by PersistentLevel
[2017.06.13-01.52.12:265][  0]LogLinker:Warning: Can't find file for asset '/Game/Vive/Blueprints/CastleBlueprints/CastleGate_Blueprint' while loading NULL.
[2017.06.13-01.52.12:265][  0]LoadErrors: Info Failed to load /Game/Vive/Blueprints/CastleBlueprints/CastleGate_Blueprint.CastleGate_Blueprint_C Referenced by PersistentLevel
[2017.06.13-01.52.12:265][  0]LogLinker:Warning: Can't find file '/Game/Vive/Blueprints/AI/CatapultAttackPosition'
[2017.06.13-01.52.12:265][  0]LoadErrors: Info Failed to load /Game/Vive/Blueprints/AI/CatapultAttackPosition.CatapultAttackPosition_C Referenced by AiAttackPosition_Catapult_C
[2017.06.13-01.52.12:265][  0]LogLinker:Warning: Can't find file for asset '/Game/Vive/Blueprints/AI/CatapultAttackPosition' while loading NULL.
[2017.06.13-01.52.12:265][  0]LoadErrors: Info Failed to load /Game/Vive/Blueprints/AI/CatapultAttackPosition.CatapultAttackPosition_C Referenced by AiAttackPosition_Catapult_C
[2017.06.13-01.52.12:265][  0]LogLinker:Warning: Can't find file '/Game/Vive/Blueprints/AI/CatapultAttackPosition'
[2017.06.13-01.52.12:265][  0]LoadErrors: Info Failed to load /Game/Vive/Blueprints/AI/CatapultAttackPosition.CatapultAttackPosition_C Referenced by AiAttackPosition_Catapult_C
[2017.06.13-01.52.12:266][  0]LogLinker:Warning: Can't find file for asset '/Game/Vive/Blueprints/AI/CatapultAttackPosition' while loading NULL.
[2017.06.13-01.52.12:266][  0]LoadErrors: Info Failed to load /Game/Vive/Blueprints/AI/CatapultAttackPosition.CatapultAttackPosition_C Referenced by AiAttackPosition_Catapult_C
[2017.06.13-01.52.13:123][  0]LogAIModule: Creating AISystem for world default
[2017.06.13-01.52.13:948][  0]LogEditorServer: Finished looking for orphan Actors (0.000 secs)
[2017.06.13-01.52.14:000][  0]Cmd: MAP CHECKDEP NOCLEARLOG
[2017.06.13-01.52.14:037][  0]MapCheck: Info Map check complete: 0 Error(s), 0 Warning(s), took 37.243ms to complete.
[2017.06.13-01.52.14:037][  0]LogFileHelpers: Loading map 'default' took 4.845
[2017.06.13-01.52.14:405][  0]LogCollectionManager: Loaded 0 collections in 0.001132 seconds
[2017.06.13-01.52.14:442][  0]LogFileCache: Scanning file cache for directory 'D:/castle-guard-working-bow/CastleGuard/ProjectFiles/Saved/Collections/' took 0.01s
[2017.06.13-01.52.14:442][  0]LogFileCache: Scanning file cache for directory 'D:/castle-guard-working-bow/CastleGuard/ProjectFiles/Content/Developers/studentuser/Collections/' took 0.01s
[2017.06.13-01.52.14:442][  0]LogFileCache: Scanning file cache for directory 'D:/castle-guard-working-bow/CastleGuard/ProjectFiles/Content/Collections/' took 0.01s
[2017.06.13-01.52.14:442][  0]LogCollectionManager: Rebuilt the GUID cache for 0 collections in 0.000002 seconds
[2017.06.13-01.52.14:450][  0]LogContentBrowser: Native class hierarchy populated in 0.0076 seconds. Added 2164 classes and 432 folders.
[2017.06.13-01.52.14:467][  0]LogStats: UGameplayTagsManager::ConstructGameplayTagTree: Construct from data asset -  0.000 s
[2017.06.13-01.52.14:467][  0]LogStats: UGameplayTagsManager::ConstructGameplayTagTree: GameplayTagTreeChangedEvent.Broadcast -  0.000 s
[2017.06.13-01.52.14:468][  0]LogContentBrowser: Native class hierarchy updated for 'GameplayTags' in 0.0005 seconds. Added 12 classes and 0 folders.
[2017.06.13-01.52.14:472][  0]LogContentBrowser: Native class hierarchy updated for 'WidgetCarousel' in 0.0003 seconds. Added 0 classes and 0 folders.
[2017.06.13-01.52.16:718][  0]LogContentBrowser: Native class hierarchy updated for 'AddContentDialog' in 0.0005 seconds. Added 0 classes and 0 folders.
[2017.06.13-01.52.16:767][  0]LogContentBrowser: Native class hierarchy updated for 'SceneOutliner' in 0.0005 seconds. Added 1 classes and 2 folders.
[2017.06.13-01.52.16:812][  0]LogCrashTracker: Crashtracker disabled due to settings.
[2017.06.13-01.52.16:837][  0]LogUObjectGlobals:Warning: Failed to find object 'Class None.'
[2017.06.13-01.52.16:896][  0]LogContentBrowser: Native class hierarchy updated for 'HierarchicalLODOutliner' in 0.0005 seconds. Added 1 classes and 2 folders.
[2017.06.13-01.52.16:897][  0]LogLoad: (Engine Initialization) Total time: 77.99 seconds
[2017.06.13-01.52.16:897][  0]LogLoad: (Engine Initialization) Total Blueprint compile time: 0.58 seconds
[2017.06.13-0